Fetching notes from Granola...
Found 5 notes
  Unknown speakers in 'Gaia Sthiram meditation practice — body stillness and sensory awareness': speaker
  Added to TODO.md
  Created: 2026-06-16_gaia-sthiram-meditation-practice-body-stillness-and-sensory-awareness.md
  Unknown speakers in 'Perfect stillness practice — body awareness and sitting still': speaker
  Added to TODO.md
  Created: 2026-06-16_perfect-stillness-practice-body-awareness-and-sitting-still.md
  Unknown speakers in 'Nadi Shuddhi breathing practice — alternate nostril technique': speaker
  Added to TODO.md
  Created: 2026-06-16_nadi-shuddhi-breathing-practice-alternate-nostril-technique.md
  Created: 2026-06-16_get-started-with-granola.md

Done: 4 created, 0 updated, 1 unchanged
Fetching notes from Granola...
Found 5 notes

Done: 0 created, 0 updated, 5 unchanged
Fetching notes from Granola...
Found 5 notes

Done: 0 created, 0 updated, 5 unchanged
Fetching notes from Granola...
Found 5 notes

Done: 0 created, 0 updated, 5 unchanged
Fetching notes from Granola...
Found 5 notes

Done: 0 created, 0 updated, 5 unchanged
Fetching notes from Granola...
Found 5 notes

Done: 0 created, 0 updated, 5 unchanged
Fetching notes from Granola...
Found 5 notes

Done: 0 created, 0 updated, 5 unchanged
Fetching notes from Granola...
Found 5 notes

Done: 0 created, 0 updated, 5 unchanged
Fetching notes from Granola...
Found 5 notes

Done: 0 created, 0 updated, 5 unchanged
